<?xml version="1.0" encoding="UTF-8"?>
<testsuite name="com.mathpar.matrix.MatrixSTest" time="0.024" tests="4" errors="1" skipped="0" failures="0">
  <properties>
    <property name="idea.version" value="2021.2.3"/>
    <property name="java.runtime.name" value="OpenJDK Runtime Environment"/>
    <property name="java.vm.version" value="14.0.2+12-Ubuntu-120.04"/>
    <property name="sun.boot.library.path" value="/usr/lib/jvm/java-14-openjdk-amd64/lib"/>
    <property name="maven.multiModuleProjectDirectory" value="/home/alla/dap01"/>
    <property name="java.vm.vendor" value="Private Build"/>
    <property name="java.vendor.url" value="Unknown"/>
    <property name="guice.disable.misplaced.annotation.check" value="true"/>
    <property name="path.separator" value=":"/>
    <property name="java.vm.name" value="OpenJDK 64-Bit Server VM"/>
    <property name="user.country" value="US"/>
    <property name="sun.java.launcher" value="SUN_STANDARD"/>
    <property name="java.vm.specification.name" value="Java Virtual Machine Specification"/>
    <property name="user.dir" value="/home/alla/dap01"/>
    <property name="java.vm.compressedOopsMode" value="32-bit"/>
    <property name="java.runtime.version" value="14.0.2+12-Ubuntu-120.04"/>
    <property name="os.arch" value="amd64"/>
    <property name="java.io.tmpdir" value="/tmp"/>
    <property name="line.separator" value="&#10;"/>
    <property name="java.vm.specification.vendor" value="Oracle Corporation"/>
    <property name="os.name" value="Linux"/>
    <property name="maven.ext.class.path" value="/snap/intellij-idea-community/330/plugins/maven/lib/maven-event-listener.jar"/>
    <property name="classworlds.conf" value="/snap/intellij-idea-community/330/plugins/maven/lib/maven3/bin/m2.conf"/>
    <property name="sun.jnu.encoding" value="UTF-8"/>
    <property name="java.library.path" value="/usr/java/packages/lib:/usr/lib/x86_64-linux-gnu/jni:/lib/x86_64-linux-gnu:/usr/lib/x86_64-linux-gnu:/usr/lib/jni:/lib:/usr/lib"/>
    <property name="maven.conf" value="/snap/intellij-idea-community/330/plugins/maven/lib/maven3/conf"/>
    <property name="jdk.debug" value="release"/>
    <property name="java.class.version" value="58.0"/>
    <property name="java.specification.name" value="Java Platform API Specification"/>
    <property name="sun.management.compiler" value="HotSpot 64-Bit Tiered Compilers"/>
    <property name="os.version" value="5.11.0-40-generic"/>
    <property name="user.home" value="/home/alla"/>
    <property name="user.timezone" value="Europe/Kiev"/>
    <property name="file.encoding" value="UTF-8"/>
    <property name="java.specification.version" value="14"/>
    <property name="user.name" value="alla"/>
    <property name="java.class.path" value="/snap/intellij-idea-community/330/plugins/maven/lib/maven3/boot/plexus-classworlds-2.6.0.jar:/snap/intellij-idea-community/330/plugins/maven/lib/maven3/boot/plexus-classworlds.license"/>
    <property name="java.vm.specification.version" value="14"/>
    <property name="sun.arch.data.model" value="64"/>
    <property name="sun.java.command" value="org.codehaus.classworlds.Launcher -Didea.version=2021.2.3 test"/>
    <property name="java.home" value="/usr/lib/jvm/java-14-openjdk-amd64"/>
    <property name="user.language" value="en"/>
    <property name="java.specification.vendor" value="Oracle Corporation"/>
    <property name="java.vm.info" value="mixed mode, sharing"/>
    <property name="java.version" value="14.0.2"/>
    <property name="securerandom.source" value="file:/dev/./urandom"/>
    <property name="java.vendor" value="Private Build"/>
    <property name="maven.home" value="/snap/intellij-idea-community/330/plugins/maven/lib/maven3"/>
    <property name="file.separator" value="/"/>
    <property name="java.version.date" value="2020-07-14"/>
    <property name="java.vendor.url.bug" value="Unknown"/>
    <property name="sun.io.unicode.encoding" value="UnicodeLittle"/>
    <property name="sun.cpu.endian" value="little"/>
  </properties>
  <testcase name="adjointTest" classname="com.mathpar.matrix.MatrixSTest" time="0.001"/>
  <testcase name="adjointPolynomialShouldBeExact" classname="com.mathpar.matrix.MatrixSTest" time="0.001"/>
  <testcase name="multiplySorted2" classname="com.mathpar.matrix.MatrixSTest" time="0.009">
    <error message="Index 0 out of bounds for length 0" type="java.lang.ArrayIndexOutOfBoundsException">java.lang.ArrayIndexOutOfBoundsException: Index 0 out of bounds for length 0
	at com.mathpar.matrix.MatrixSTest.multiplySorted2(MatrixSTest.java:72)
</error>
    <system-err><![CDATA[java.nio.file.NoSuchFileException: crash_matrix
	at java.base/sun.nio.fs.UnixException.translateToIOException(UnixException.java:92)
	at java.base/sun.nio.fs.UnixException.rethrowAsIOException(UnixException.java:111)
	at java.base/sun.nio.fs.UnixException.rethrowAsIOException(UnixException.java:116)
	at java.base/sun.nio.fs.UnixFileSystemProvider.newByteChannel(UnixFileSystemProvider.java:219)
	at java.base/java.nio.file.Files.newByteChannel(Files.java:375)
	at java.base/java.nio.file.Files.newByteChannel(Files.java:426)
	at java.base/java.nio.file.Files.readAllBytes(Files.java:3272)
	at com.mathpar.parallel.dap.QR.Utils.readMatrixArrayFromFile(Utils.java:85)
	at com.mathpar.matrix.MatrixSTest.multiplySorted2(MatrixSTest.java:71)
	at java.base/jdk.internal.reflect.NativeMethodAccessorImpl.invoke0(Native Method)
	at java.base/jdk.internal.reflect.NativeMethodAccessorImpl.invoke(NativeMethodAccessorImpl.java:62)
	at java.base/jdk.internal.reflect.DelegatingMethodAccessorImpl.invoke(DelegatingMethodAccessorImpl.java:43)
	at java.base/java.lang.reflect.Method.invoke(Method.java:564)
	at org.junit.runners.model.FrameworkMethod$1.runReflectiveCall(FrameworkMethod.java:50)
	at org.junit.internal.runners.model.ReflectiveCallable.run(ReflectiveCallable.java:12)
	at org.junit.runners.model.FrameworkMethod.invokeExplosively(FrameworkMethod.java:47)
	at org.junit.internal.runners.statements.InvokeMethod.evaluate(InvokeMethod.java:17)
	at org.junit.runners.ParentRunner.runLeaf(ParentRunner.java:325)
	at org.junit.runners.BlockJUnit4ClassRunner.runChild(BlockJUnit4ClassRunner.java:78)
	at org.junit.runners.BlockJUnit4ClassRunner.runChild(BlockJUnit4ClassRunner.java:57)
	at org.junit.runners.ParentRunner$3.run(ParentRunner.java:290)
	at org.junit.runners.ParentRunner$1.schedule(ParentRunner.java:71)
	at org.junit.runners.ParentRunner.runChildren(ParentRunner.java:288)
	at org.junit.runners.ParentRunner.access$000(ParentRunner.java:58)
	at org.junit.runners.ParentRunner$2.evaluate(ParentRunner.java:268)
	at org.junit.runners.ParentRunner.run(ParentRunner.java:363)
	at org.apache.maven.surefire.junit4.JUnit4Provider.execute(JUnit4Provider.java:264)
	at org.apache.maven.surefire.junit4.JUnit4Provider.executeTestSet(JUnit4Provider.java:153)
	at org.apache.maven.surefire.junit4.JUnit4Provider.invoke(JUnit4Provider.java:124)
	at org.apache.maven.surefire.booter.ForkedBooter.invokeProviderInSameClassLoader(ForkedBooter.java:200)
	at org.apache.maven.surefire.booter.ForkedBooter.runSuitesInProcess(ForkedBooter.java:153)
	at org.apache.maven.surefire.booter.ForkedBooter.main(ForkedBooter.java:103)
]]></system-err>
  </testcase>
  <testcase name="multiplySorted" classname="com.mathpar.matrix.MatrixSTest" time="0.013"/>
</testsuite>