<?xml version="1.0" encoding="UTF-8"?>
<testsuite name="com.mathpar.polynom.gbasis.algorithms.SNLESolverTest" time="0.431" tests="11" errors="0" skipped="1" failures="0">
  <properties>
    <property name="idea.version" value="2021.2.3"/>
    <property name="java.runtime.name" value="OpenJDK Runtime Environment"/>
    <property name="java.vm.version" value="14.0.2+12-Ubuntu-120.04"/>
    <property name="sun.boot.library.path" value="/usr/lib/jvm/java-14-openjdk-amd64/lib"/>
    <property name="maven.multiModuleProjectDirectory" value="/home/alla/dap01"/>
    <property name="java.vm.vendor" value="Private Build"/>
    <property name="java.vendor.url" value="Unknown"/>
    <property name="guice.disable.misplaced.annotation.check" value="true"/>
    <property name="path.separator" value=":"/>
    <property name="java.vm.name" value="OpenJDK 64-Bit Server VM"/>
    <property name="user.country" value="US"/>
    <property name="sun.java.launcher" value="SUN_STANDARD"/>
    <property name="java.vm.specification.name" value="Java Virtual Machine Specification"/>
    <property name="user.dir" value="/home/alla/dap01"/>
    <property name="java.vm.compressedOopsMode" value="32-bit"/>
    <property name="java.runtime.version" value="14.0.2+12-Ubuntu-120.04"/>
    <property name="os.arch" value="amd64"/>
    <property name="java.io.tmpdir" value="/tmp"/>
    <property name="line.separator" value="&#10;"/>
    <property name="java.vm.specification.vendor" value="Oracle Corporation"/>
    <property name="os.name" value="Linux"/>
    <property name="maven.ext.class.path" value="/snap/intellij-idea-community/330/plugins/maven/lib/maven-event-listener.jar"/>
    <property name="classworlds.conf" value="/snap/intellij-idea-community/330/plugins/maven/lib/maven3/bin/m2.conf"/>
    <property name="sun.jnu.encoding" value="UTF-8"/>
    <property name="java.library.path" value="/usr/java/packages/lib:/usr/lib/x86_64-linux-gnu/jni:/lib/x86_64-linux-gnu:/usr/lib/x86_64-linux-gnu:/usr/lib/jni:/lib:/usr/lib"/>
    <property name="maven.conf" value="/snap/intellij-idea-community/330/plugins/maven/lib/maven3/conf"/>
    <property name="jdk.debug" value="release"/>
    <property name="java.class.version" value="58.0"/>
    <property name="java.specification.name" value="Java Platform API Specification"/>
    <property name="sun.management.compiler" value="HotSpot 64-Bit Tiered Compilers"/>
    <property name="os.version" value="5.11.0-40-generic"/>
    <property name="user.home" value="/home/alla"/>
    <property name="user.timezone" value="Europe/Kiev"/>
    <property name="file.encoding" value="UTF-8"/>
    <property name="java.specification.version" value="14"/>
    <property name="user.name" value="alla"/>
    <property name="java.class.path" value="/snap/intellij-idea-community/330/plugins/maven/lib/maven3/boot/plexus-classworlds-2.6.0.jar:/snap/intellij-idea-community/330/plugins/maven/lib/maven3/boot/plexus-classworlds.license"/>
    <property name="java.vm.specification.version" value="14"/>
    <property name="sun.arch.data.model" value="64"/>
    <property name="sun.java.command" value="org.codehaus.classworlds.Launcher -Didea.version=2021.2.3 test"/>
    <property name="java.home" value="/usr/lib/jvm/java-14-openjdk-amd64"/>
    <property name="user.language" value="en"/>
    <property name="java.specification.vendor" value="Oracle Corporation"/>
    <property name="java.vm.info" value="mixed mode, sharing"/>
    <property name="java.version" value="14.0.2"/>
    <property name="securerandom.source" value="file:/dev/./urandom"/>
    <property name="java.vendor" value="Private Build"/>
    <property name="maven.home" value="/snap/intellij-idea-community/330/plugins/maven/lib/maven3"/>
    <property name="file.separator" value="/"/>
    <property name="java.version.date" value="2020-07-14"/>
    <property name="java.vendor.url.bug" value="Unknown"/>
    <property name="sun.io.unicode.encoding" value="UnicodeLittle"/>
    <property name="sun.cpu.endian" value="little"/>
  </properties>
  <testcase name="elementsMapEquals" classname="com.mathpar.polynom.gbasis.algorithms.SNLESolverTest" time="0"/>
  <testcase name="should_return_the_rest_of_the_system_if_there_is_no_onevar_polynomials" classname="com.mathpar.polynom.gbasis.algorithms.SNLESolverTest" time="0">
    <skipped message="Not ready."/>
  </testcase>
  <testcase name="example01" classname="com.mathpar.polynom.gbasis.algorithms.SNLESolverTest" time="0.02"/>
  <testcase name="example02" classname="com.mathpar.polynom.gbasis.algorithms.SNLESolverTest" time="0.028"/>
  <testcase name="example03" classname="com.mathpar.polynom.gbasis.algorithms.SNLESolverTest" time="0.039"/>
  <testcase name="example04" classname="com.mathpar.polynom.gbasis.algorithms.SNLESolverTest" time="0.073"/>
  <testcase name="example05" classname="com.mathpar.polynom.gbasis.algorithms.SNLESolverTest" time="0.081"/>
  <testcase name="example06" classname="com.mathpar.polynom.gbasis.algorithms.SNLESolverTest" time="0.165"/>
  <testcase name="example07" classname="com.mathpar.polynom.gbasis.algorithms.SNLESolverTest" time="0.015"/>
  <testcase name="example08" classname="com.mathpar.polynom.gbasis.algorithms.SNLESolverTest" time="0.01"/>
  <testcase name="elementsMapNotEquals" classname="com.mathpar.polynom.gbasis.algorithms.SNLESolverTest" time="0"/>
</testsuite>